[I 2025-07-12 22:02:15,061] Trial 18 finished with value: 0.6281314151102138 and parameters: {'lr': 0.0024128890337134002, 'wd': 0.00015484079125529254, 'hidden_channels': 64, 'layers':
 3, 'dropout': 0.2942376792826059, 'num_grids': 12, 'batch_size': 64}. Best is trial 1 with value: 0.8152302935150654.                                                                   Running classification with: Namespace(dataset_name='HIV', target_column='mu', lr=0.003129588111596232, wd=7.343922882293011e-05, hidden_channels=32, layers=4, dropout=0.157248734873445
76, num_grids=10, batch_size=256, grid_min=-0.1, grid_max=1.1, epochs=150, patience=30, log_freq=15, use_weighted_loss=False, use_roc_auc=True)                                          Epoch 000: Train Loss: 21.3507, Val ROC-AUC: 0.5409
Epoch 015: Train Loss: 18.9900, Val ROC-AUC: 0.6856
Epoch 030: Train Loss: 18.2773, Val ROC-AUC: 0.7142
Epoch 045: Train Loss: 18.0348, Val ROC-AUC: 0.7224
Epoch 060: Train Loss: 17.9569, Val ROC-AUC: 0.7420
Epoch 075: Train Loss: 17.5584, Val ROC-AUC: 0.7488
Epoch 090: Train Loss: 17.6160, Val ROC-AUC: 0.7597
Epoch 105: Train Loss: 17.2395, Val ROC-AUC: 0.7670
Epoch 120: Train Loss: 17.1912, Val ROC-AUC: 0.7666

Best model was saved at epoch 92 with val acc: 0.7735
Test Loss: Test Acc: 0.9698
Test ROC-AUC: 0.7480
[I 2025-07-12 22:08:29,005] Trial 19 finished with value: 0.7735114809394749 and parameters: {'lr': 0.003129588111596232, 'wd': 7.343922882293011e-05, 'hidden_channels': 32, 'layers': 4
, 'dropout': 0.15724873487344576, 'num_grids': 10, 'batch_size': 256}. Best is trial 1 with value: 0.8152302935150654.                                                                   
Best hyperparameters:
{'lr': 0.0019485729922804698, 'wd': 0.00018306283627619302, 'hidden_channels': 64, 'layers': 3, 'dropout': 0.1634766547930182, 'num_grids': 10, 'batch_size': 256}
